{"uid":"78a026692c3fd270","name":"test_multiple_checks","fullName":"tests.test_example_two#test_multiple_checks","historyId":"00d84622c2fa8ff22e2b24d67cadee20","time":{"start":1768685295567,"stop":1768685295572,"duration":5},"status":"failed","statusMessage":"AssertionError: FAILURE: check 2 == 3\ntests/test_example_two.py:22 in test_multiple_checks() -> check.equal(2, 3)  # добавит ошибку в список\n\n------------------------------------------------------------\nFailed Checks: 1","statusTrace":"FAILURE: check 2 == 3\ntests/test_example_two.py:22 in test_multiple_checks() -> check.equal(2, 3)  # добавит ошибку в список\n\n------------------------------------------------------------\nFailed Checks: 1","flaky":false,"newFailed":false,"newBroken":false,"newPassed":false,"retriesCount":0,"retriesStatusChange":false,"beforeStages":[{"name":"global_setup","time":{"start":1768685292584,"stop":1768685292585,"duration":1},"status":"passed","steps":[],"attachments":[{"uid":"47e6e1563c602195","name":"2026-01-17 21:28:12: Starting test session at 2026-01-17 21:28:12.584398","source":"47e6e1563c602195.txt","type":"text/plain","size":10}],"parameters":[],"shouldDisplayMessage":false,"stepsCount":0,"attachmentsCount":1,"hasContent":true,"attachmentStep":false},{"name":"pytestconfig","time":{"start":1768685292585,"stop":1768685292585,"duration":0},"status":"passed","steps":[],"attachments":[],"parameters":[],"shouldDisplayMessage":false,"stepsCount":0,"attachmentsCount":0,"hasContent":false,"attachmentStep":false},{"name":"config_parser_fix","time":{"start":1768685295566,"stop":1768685295567,"duration":1},"status":"passed","steps":[],"attachments":[{"uid":"83233b01118d1f03","name":"2026-01-17 21:28:15: добавлены настройки по стенду: {'url': \"'url psi'\", 'bd': \"{'host':'testhosts', 'database':'TEST', 'user': 'testov','pwd':'3333'}\"} из config.ini, в env_settings.stand_settings ","source":"83233b01118d1f03.txt","type":"text/plain","size":10}],"parameters":[],"shouldDisplayMessage":false,"stepsCount":0,"attachmentsCount":1,"hasContent":true,"attachmentStep":false},{"name":"args_stand","time":{"start":1768685295566,"stop":1768685295566,"duration":0},"status":"passed","steps":[],"attachments":[],"parameters":[],"shouldDisplayMessage":false,"stepsCount":0,"attachmentsCount":0,"hasContent":false,"attachmentStep":false}],"testStage":{"status":"failed","statusMessage":"AssertionError: FAILURE: check 2 == 3\ntests/test_example_two.py:22 in test_multiple_checks() -> check.equal(2, 3)  # добавит ошибку в список\n\n------------------------------------------------------------\nFailed Checks: 1","statusTrace":"FAILURE: check 2 == 3\ntests/test_example_two.py:22 in test_multiple_checks() -> check.equal(2, 3)  # добавит ошибку в список\n\n------------------------------------------------------------\nFailed Checks: 1","steps":[],"attachments":[{"uid":"d9f7692a41ce8880","name":"log","source":"d9f7692a41ce8880.txt","type":"text/plain","size":240},{"uid":"a49668a00bf85cb7","name":"stderr","source":"a49668a00bf85cb7.txt","type":"text/plain","size":240}],"parameters":[],"shouldDisplayMessage":true,"stepsCount":0,"attachmentsCount":2,"hasContent":true,"attachmentStep":false},"afterStages":[{"name":"global_setup::0","time":{"start":1768685295573,"stop":1768685295573,"duration":0},"status":"passed","steps":[],"attachments":[],"parameters":[],"shouldDisplayMessage":false,"stepsCount":0,"attachmentsCount":0,"hasContent":false,"attachmentStep":false}],"labels":[{"name":"parentSuite","value":"tests"},{"name":"suite","value":"test_example_two"},{"name":"host","value":"runnervmmtnos"},{"name":"thread","value":"3295-MainThread"},{"name":"framework","value":"pytest"},{"name":"language","value":"cpython3"},{"name":"package","value":"tests.test_example_two"},{"name":"resultFormat","value":"allure2"}],"parameters":[],"links":[],"hidden":false,"retry":false,"extra":{"severity":"normal","retries":[],"categories":[{"name":"Product defects","matchedStatuses":[],"flaky":false}],"tags":[]},"source":"78a026692c3fd270.json","parameterValues":[]}