{"uid":"a1fcda80180b40d8","name":"test_multiple_checks","fullName":"tests.test_example_two#test_multiple_checks","historyId":"00d84622c2fa8ff22e2b24d67cadee20","time":{"start":1768685301458,"stop":1768685301463,"duration":5},"status":"failed","statusMessage":"AssertionError: FAILURE: check 2 == 3\ntests/test_example_two.py:22 in test_multiple_checks() -> check.equal(2, 3)  # добавит ошибку в список\n\n------------------------------------------------------------\nFailed Checks: 1","statusTrace":"FAILURE: check 2 == 3\ntests/test_example_two.py:22 in test_multiple_checks() -> check.equal(2, 3)  # добавит ошибку в список\n\n------------------------------------------------------------\nFailed Checks: 1","flaky":false,"newFailed":false,"newBroken":false,"newPassed":false,"retriesCount":0,"retriesStatusChange":false,"beforeStages":[{"name":"global_setup","time":{"start":1768685298480,"stop":1768685298480,"duration":0},"status":"passed","steps":[],"attachments":[{"uid":"5e4248aa2ecad3a3","name":"2026-01-17 21:28:18: Starting test session at 2026-01-17 21:28:18.479900","source":"5e4248aa2ecad3a3.txt","type":"text/plain","size":10}],"parameters":[],"shouldDisplayMessage":false,"stepsCount":0,"attachmentsCount":1,"hasContent":true,"attachmentStep":false},{"name":"pytestconfig","time":{"start":1768685298480,"stop":1768685298480,"duration":0},"status":"passed","steps":[],"attachments":[],"parameters":[],"shouldDisplayMessage":false,"stepsCount":0,"attachmentsCount":0,"hasContent":false,"attachmentStep":false},{"name":"args_stand","time":{"start":1768685301457,"stop":1768685301457,"duration":0},"status":"passed","steps":[],"attachments":[],"parameters":[],"shouldDisplayMessage":false,"stepsCount":0,"attachmentsCount":0,"hasContent":false,"attachmentStep":false},{"name":"config_parser_fix","time":{"start":1768685301458,"stop":1768685301458,"duration":0},"status":"passed","steps":[],"attachments":[{"uid":"59824b3e4a6cdad6","name":"2026-01-17 21:28:21: добавлены настройки по стенду: {'url': \"'url psi'\", 'bd': \"{'host':'testhosts', 'database':'TEST', 'user': 'testov','pwd':'3333'}\"} из config.ini, в env_settings.stand_settings ","source":"59824b3e4a6cdad6.txt","type":"text/plain","size":10}],"parameters":[],"shouldDisplayMessage":false,"stepsCount":0,"attachmentsCount":1,"hasContent":true,"attachmentStep":false}],"testStage":{"status":"failed","statusMessage":"AssertionError: FAILURE: check 2 == 3\ntests/test_example_two.py:22 in test_multiple_checks() -> check.equal(2, 3)  # добавит ошибку в список\n\n------------------------------------------------------------\nFailed Checks: 1","statusTrace":"FAILURE: check 2 == 3\ntests/test_example_two.py:22 in test_multiple_checks() -> check.equal(2, 3)  # добавит ошибку в список\n\n------------------------------------------------------------\nFailed Checks: 1","steps":[],"attachments":[{"uid":"2943b77af3bddf6e","name":"log","source":"2943b77af3bddf6e.txt","type":"text/plain","size":240},{"uid":"9d145fda4ee2c23b","name":"stderr","source":"9d145fda4ee2c23b.txt","type":"text/plain","size":240}],"parameters":[],"shouldDisplayMessage":true,"stepsCount":0,"attachmentsCount":2,"hasContent":true,"attachmentStep":false},"afterStages":[{"name":"global_setup::0","time":{"start":1768685301464,"stop":1768685301464,"duration":0},"status":"passed","steps":[],"attachments":[],"parameters":[],"shouldDisplayMessage":false,"stepsCount":0,"attachmentsCount":0,"hasContent":false,"attachmentStep":false}],"labels":[{"name":"parentSuite","value":"tests"},{"name":"suite","value":"test_example_two"},{"name":"host","value":"runnervmmtnos"},{"name":"thread","value":"3302-MainThread"},{"name":"framework","value":"pytest"},{"name":"language","value":"cpython3"},{"name":"package","value":"tests.test_example_two"},{"name":"resultFormat","value":"allure2"}],"parameters":[],"links":[],"hidden":false,"retry":false,"extra":{"severity":"normal","retries":[],"categories":[{"name":"Product defects","matchedStatuses":[],"flaky":false}],"tags":[]},"source":"a1fcda80180b40d8.json","parameterValues":[]}