{"uid":"ec8434a8c5589546","name":"Тест с AssertionError","fullName":"tests.test_allure_features.TestAllureBasics#test_failing_assert","historyId":"26ab7275c45622adaa5e3b2e11c1b624","time":{"start":1768685292589,"stop":1768685292590,"duration":1},"description":"Тест с преднамеренным падением","descriptionHtml":"<p>Тест с преднамеренным падением</p>\n","status":"broken","statusMessage":"ZeroDivisionError: division by zero","statusTrace":"self = <test_allure_features.TestAllureBasics object at 0x7f68cb6b8b90>\n\n    @allure.story(\"Падающий тест\")\n    @allure.title(\"Тест с AssertionError\")\n    @allure.severity(allure.severity_level.CRITICAL)\n    def test_failing_assert(self):\n        \"\"\"Тест с преднамеренным падением\"\"\"\n        with allure.step(\"Выполняем некорректную операцию\"):\n>           result = 10 / 0  # ZeroDivisionError\nE           ZeroDivisionError: division by zero\n\ntests/test_allure_features.py:44: ZeroDivisionError","flaky":false,"newFailed":false,"newBroken":false,"newPassed":false,"retriesCount":0,"retriesStatusChange":false,"beforeStages":[{"name":"global_setup","time":{"start":1768685292584,"stop":1768685292585,"duration":1},"status":"passed","steps":[],"attachments":[{"uid":"47e6e1563c602195","name":"2026-01-17 21:28:12: Starting test session at 2026-01-17 21:28:12.584398","source":"47e6e1563c602195.txt","type":"text/plain","size":10}],"parameters":[],"shouldDisplayMessage":false,"stepsCount":0,"attachmentsCount":1,"hasContent":true,"attachmentStep":false},{"name":"pytestconfig","time":{"start":1768685292585,"stop":1768685292585,"duration":0},"status":"passed","steps":[],"attachments":[],"parameters":[],"shouldDisplayMessage":false,"stepsCount":0,"attachmentsCount":0,"hasContent":false,"attachmentStep":false},{"name":"args_stand","time":{"start":1768685292588,"stop":1768685292588,"duration":0},"status":"passed","steps":[],"attachments":[],"parameters":[],"shouldDisplayMessage":false,"stepsCount":0,"attachmentsCount":0,"hasContent":false,"attachmentStep":false},{"name":"config_parser_fix","time":{"start":1768685292588,"stop":1768685292589,"duration":1},"status":"passed","steps":[],"attachments":[{"uid":"a5f4293af68b5687","name":"2026-01-17 21:28:12: добавлены настройки по стенду: {'url': \"'url psi'\", 'bd': \"{'host':'testhosts', 'database':'TEST', 'user': 'testov','pwd':'3333'}\"} из config.ini, в env_settings.stand_settings ","source":"a5f4293af68b5687.txt","type":"text/plain","size":10}],"parameters":[],"shouldDisplayMessage":false,"stepsCount":0,"attachmentsCount":1,"hasContent":true,"attachmentStep":false}],"testStage":{"description":"Тест с преднамеренным падением","status":"broken","statusMessage":"ZeroDivisionError: division by zero","statusTrace":"self = <test_allure_features.TestAllureBasics object at 0x7f68cb6b8b90>\n\n    @allure.story(\"Падающий тест\")\n    @allure.title(\"Тест с AssertionError\")\n    @allure.severity(allure.severity_level.CRITICAL)\n    def test_failing_assert(self):\n        \"\"\"Тест с преднамеренным падением\"\"\"\n        with allure.step(\"Выполняем некорректную операцию\"):\n>           result = 10 / 0  # ZeroDivisionError\nE           ZeroDivisionError: division by zero\n\ntests/test_allure_features.py:44: ZeroDivisionError","steps":[{"name":"Выполняем некорректную операцию","time":{"start":1768685292589,"stop":1768685292589,"duration":0},"status":"broken","statusMessage":"ZeroDivisionError: division by zero\n","statusTrace":"  File \"/home/runner/work/main_test_framework/main_test_framework/tests/test_allure_features.py\", line 44, in test_failing_assert\n    result = 10 / 0  # ZeroDivisionError\n             ~~~^~~\n","steps":[],"attachments":[],"parameters":[],"shouldDisplayMessage":true,"stepsCount":0,"attachmentsCount":0,"hasContent":true,"attachmentStep":false}],"attachments":[{"uid":"6efa642583453226","name":"log","source":"6efa642583453226.txt","type":"text/plain","size":240},{"uid":"f93cc221c0b800fb","name":"stderr","source":"f93cc221c0b800fb.txt","type":"text/plain","size":240}],"parameters":[],"shouldDisplayMessage":true,"stepsCount":1,"attachmentsCount":2,"hasContent":true,"attachmentStep":false},"afterStages":[{"name":"global_setup::0","time":{"start":1768685295573,"stop":1768685295573,"duration":0},"status":"passed","steps":[],"attachments":[],"parameters":[],"shouldDisplayMessage":false,"stepsCount":0,"attachmentsCount":0,"hasContent":false,"attachmentStep":false}],"labels":[{"name":"epic","value":"Демонстрация Allure"},{"name":"story","value":"Падающий тест"},{"name":"feature","value":"Базовые возможности"},{"name":"severity","value":"critical"},{"name":"parentSuite","value":"tests"},{"name":"suite","value":"test_allure_features"},{"name":"subSuite","value":"TestAllureBasics"},{"name":"host","value":"runnervmmtnos"},{"name":"thread","value":"3295-MainThread"},{"name":"framework","value":"pytest"},{"name":"language","value":"cpython3"},{"name":"package","value":"tests.test_allure_features"},{"name":"resultFormat","value":"allure2"}],"parameters":[],"links":[],"hidden":false,"retry":false,"extra":{"severity":"critical","retries":[],"categories":[{"name":"Test defects","matchedStatuses":[],"flaky":false}],"tags":[]},"source":"ec8434a8c5589546.json","parameterValues":[]}