{"name": "test_multiple_checks", "status": "failed", "statusDetails": {"message": "AssertionError: FAILURE: check 2 == 3\ntests/test_example_two.py:22 in test_multiple_checks() -> check.equal(2, 3)  # добавит ошибку в список\n\n------------------------------------------------------------\nFailed Checks: 1", "trace": "FAILURE: check 2 == 3\ntests/test_example_two.py:22 in test_multiple_checks() -> check.equal(2, 3)  # добавит ошибку в список\n\n------------------------------------------------------------\nFailed Checks: 1"}, "attachments": [{"name": "log", "source": "a9350915-d5a6-46a1-ac09-5e7952ab8475-attachment.txt", "type": "text/plain"}, {"name": "stderr", "source": "77f8938a-0018-471e-8ed4-e39427ed41bc-attachment.txt", "type": "text/plain"}], "start": 1768686501707, "stop": 1768686501712, "uuid": "cc515a79-0991-4dd1-9ddf-6c12edb7e120", "historyId": "00d84622c2fa8ff22e2b24d67cadee20", "testCaseId": "00d84622c2fa8ff22e2b24d67cadee20", "fullName": "tests.test_example_two#test_multiple_checks", "labels": [{"name": "parentSuite", "value": "tests"}, {"name": "suite", "value": "test_example_two"}, {"name": "host", "value": "runnervmmtnos"}, {"name": "thread", "value": "3469-MainThread"}, {"name": "framework", "value": "pytest"}, {"name": "language", "value": "cpython3"}, {"name": "package", "value": "tests.test_example_two"}]}