{"name": "test_multiple_checks", "status": "failed", "statusDetails": {"message": "AssertionError: FAILURE: check 2 == 3\ntests/test_example_two.py:22 in test_multiple_checks() -> check.equal(2, 3)  # добавит ошибку в список\n\n------------------------------------------------------------\nFailed Checks: 1", "trace": "FAILURE: check 2 == 3\ntests/test_example_two.py:22 in test_multiple_checks() -> check.equal(2, 3)  # добавит ошибку в список\n\n------------------------------------------------------------\nFailed Checks: 1"}, "attachments": [{"name": "log", "source": "938beaac-b5cc-433f-ad31-1b6ad90ed0f6-attachment.txt", "type": "text/plain"}, {"name": "stderr", "source": "655f97cc-15a1-45c9-ad31-201f4ebcc4b4-attachment.txt", "type": "text/plain"}], "start": 1768686503332, "stop": 1768686503337, "uuid": "c0896d7d-212d-41d4-aab4-1a1218719a2f", "historyId": "00d84622c2fa8ff22e2b24d67cadee20", "testCaseId": "00d84622c2fa8ff22e2b24d67cadee20", "fullName": "tests.test_example_two#test_multiple_checks", "labels": [{"name": "parentSuite", "value": "tests"}, {"name": "suite", "value": "test_example_two"}, {"name": "host", "value": "runnervmmtnos"}, {"name": "thread", "value": "3456-MainThread"}, {"name": "framework", "value": "pytest"}, {"name": "language", "value": "cpython3"}, {"name": "package", "value": "tests.test_example_two"}]}