{"uid":"ef118035f6324071","name":"test_multiple_checks","fullName":"tests.test_example_two#test_multiple_checks","historyId":"00d84622c2fa8ff22e2b24d67cadee20","time":{"start":1768687532443,"stop":1768687532448,"duration":5},"status":"failed","statusMessage":"AssertionError: FAILURE: check 2 == 3\ntests/test_example_two.py:22 in test_multiple_checks() -> check.equal(2, 3)  # добавит ошибку в список\n\n------------------------------------------------------------\nFailed Checks: 1","statusTrace":"FAILURE: check 2 == 3\ntests/test_example_two.py:22 in test_multiple_checks() -> check.equal(2, 3)  # добавит ошибку в список\n\n------------------------------------------------------------\nFailed Checks: 1","flaky":false,"newFailed":false,"newBroken":false,"newPassed":false,"retriesCount":0,"retriesStatusChange":false,"beforeStages":[{"name":"global_setup","time":{"start":1768687529445,"stop":1768687529445,"duration":0},"status":"passed","steps":[],"attachments":[{"uid":"b6cad400175ba7b9","name":"2026-01-17 22:05:29: Starting test session at 2026-01-17 22:05:29.444759","source":"b6cad400175ba7b9.txt","type":"text/plain","size":10}],"parameters":[],"shouldDisplayMessage":false,"stepsCount":0,"attachmentsCount":1,"hasContent":true,"attachmentStep":false},{"name":"pytestconfig","time":{"start":1768687529445,"stop":1768687529445,"duration":0},"status":"passed","steps":[],"attachments":[],"parameters":[],"shouldDisplayMessage":false,"stepsCount":0,"attachmentsCount":0,"hasContent":false,"attachmentStep":false},{"name":"config_parser_fix","time":{"start":1768687532442,"stop":1768687532443,"duration":1},"status":"passed","steps":[],"attachments":[{"uid":"85e360c4618de711","name":"2026-01-17 22:05:32: добавлены настройки по стенду: {'url': \"'url psi'\", 'bd': \"{'host':'testhosts', 'database':'TEST', 'user': 'testov','pwd':'3333'}\"} из config.ini, в env_settings.stand_settings ","source":"85e360c4618de711.txt","type":"text/plain","size":10}],"parameters":[],"shouldDisplayMessage":false,"stepsCount":0,"attachmentsCount":1,"hasContent":true,"attachmentStep":false},{"name":"args_stand","time":{"start":1768687532442,"stop":1768687532442,"duration":0},"status":"passed","steps":[],"attachments":[],"parameters":[],"shouldDisplayMessage":false,"stepsCount":0,"attachmentsCount":0,"hasContent":false,"attachmentStep":false}],"testStage":{"status":"failed","statusMessage":"AssertionError: FAILURE: check 2 == 3\ntests/test_example_two.py:22 in test_multiple_checks() -> check.equal(2, 3)  # добавит ошибку в список\n\n------------------------------------------------------------\nFailed Checks: 1","statusTrace":"FAILURE: check 2 == 3\ntests/test_example_two.py:22 in test_multiple_checks() -> check.equal(2, 3)  # добавит ошибку в список\n\n------------------------------------------------------------\nFailed Checks: 1","steps":[],"attachments":[{"uid":"a6af18b8f7373eac","name":"log","source":"a6af18b8f7373eac.txt","type":"text/plain","size":240},{"uid":"1677f0372f20a9b4","name":"stderr","source":"1677f0372f20a9b4.txt","type":"text/plain","size":240}],"parameters":[],"shouldDisplayMessage":true,"stepsCount":0,"attachmentsCount":2,"hasContent":true,"attachmentStep":false},"afterStages":[{"name":"global_setup::0","time":{"start":1768687532449,"stop":1768687532449,"duration":0},"status":"passed","steps":[],"attachments":[],"parameters":[],"shouldDisplayMessage":false,"stepsCount":0,"attachmentsCount":0,"hasContent":false,"attachmentStep":false}],"labels":[{"name":"parentSuite","value":"tests"},{"name":"suite","value":"test_example_two"},{"name":"host","value":"runnervmmtnos"},{"name":"thread","value":"4103-MainThread"},{"name":"framework","value":"pytest"},{"name":"language","value":"cpython3"},{"name":"package","value":"tests.test_example_two"},{"name":"resultFormat","value":"allure2"}],"parameters":[],"links":[],"hidden":false,"retry":false,"extra":{"severity":"normal","retries":[],"categories":[{"name":"Product defects","matchedStatuses":[],"flaky":false}],"tags":[]},"source":"ef118035f6324071.json","parameterValues":[]}